[debug] [2026-04-20T10:35:16.280Z] ----------------------------------------------------------------------
[debug] [2026-04-20T10:35:16.283Z] Command:       /nix/store/ws50yvm6vzlzf7jzz6n7xh4szddrack1-nodejs-20.19.1/bin/node /nix/store/gm9mcvzb17vv8cla08khrg29vxn3sq4r-firebase-tools-15.1.0/lib/node_modules/firebase-tools/lib/bin/firebase.js login --reauth
[debug] [2026-04-20T10:35:16.284Z] CLI Version:   15.1.0
[debug] [2026-04-20T10:35:16.284Z] Platform:      linux
[debug] [2026-04-20T10:35:16.284Z] Node Version:  v20.19.1
[debug] [2026-04-20T10:35:16.284Z] Time:          Mon Apr 20 2026 10:35:16 GMT+0000 (Coordinated Universal Time)
[debug] [2026-04-20T10:35:16.285Z] ----------------------------------------------------------------------
[debug] 
[debug] [2026-04-20T10:35:16.288Z] >>> [apiv2][query] GET https://firebase-public.firebaseio.com/cli.json [none]
[debug] [2026-04-20T10:35:16.331Z] No OAuth tokens found
[debug] [2026-04-20T10:35:16.332Z] No OAuth tokens found
[error] Failed to fetch Firebase Project from current Studio Workspace: Unable to refresh auth: not yet authenticated.
[debug] [2026-04-20T10:35:16.339Z] >>> [apiv2][query] POST https://auth.firebase.tools/attest [none]
[debug] [2026-04-20T10:35:16.339Z] >>> [apiv2][body] POST https://auth.firebase.tools/attest {"session_id":"6067a03b-bc2b-45cb-9f8e-7877a10b082b"}
[debug] [2026-04-20T10:35:16.648Z] <<< [apiv2][status] POST https://auth.firebase.tools/attest 200
[debug] [2026-04-20T10:35:16.648Z] <<< [apiv2][body] POST https://auth.firebase.tools/attest {"token":"1GUvG5wO5Z6CbFkPREu47of4WIqKUs5ciOJukzQKmjQ"}
[info] 
[info] To sign in to the Firebase CLI:
[info] 
[info] 1. Take note of your session ID:
[info] 
[info]    6067A
[info] 
[info] 2. Visit the URL below on any device and follow the instructions to get your code:
[info] 
[info]    https://auth.firebase.tools/login?code_challenge=XYhCBY0HBwQdB5P9ssMaTan66dkob0FX2XwbVKD_s9M&session=6067a03b-bc2b-45cb-9f8e-7877a10b082b&attest=1GUvG5wO5Z6CbFkPREu47of4WIqKUs5ciOJukzQKmjQ
[info] 
[info] 3. Paste or enter the authorization code below once you have it:
[info] 
[debug] [2026-04-20T10:35:16.738Z] <<< [apiv2][status] GET https://firebase-public.firebaseio.com/cli.json 200
[debug] [2026-04-20T10:35:16.739Z] <<< [apiv2][body] GET https://firebase-public.firebaseio.com/cli.json {"cloudBuildErrorAfter":1594252800000,"cloudBuildWarnAfter":1590019200000,"defaultNode10After":1594252800000,"minVersion":"3.0.5","node8DeploysDisabledAfter":1613390400000,"node8RuntimeDisabledAfter":1615809600000,"node8WarnAfter":1600128000000}
